c:\users\dell\documents\visual studio 2015\projects\cppwinform1\cppwinform1\debug\vc140.pdb
c:\users\dell\documents\visual studio 2015\projects\cppwinform1\cppwinform1\debug\.netframework,version=v4.5.2.assemblyattributes.obj
c:\users\dell\documents\visual studio 2015\projects\cppwinform1\cppwinform1\debug\.netframework,version=v4.5.2.assemblyattributes.asm
c:\users\dell\documents\visual studio 2015\projects\cppwinform1\cppwinform1\debug\myform.obj
c:\users\dell\documents\visual studio 2015\projects\cppwinform1\cppwinform1\debug\cppwinform1.myform.resources
c:\users\dell\documents\visual studio 2015\projects\cppwinform1\debug\fastcoloredtextbox.dll
c:\users\dell\documents\visual studio 2015\projects\cppwinform1\debug\cppwinform1.exe
c:\users\dell\documents\visual studio 2015\projects\cppwinform1\debug\cppwinform1.pdb
c:\users\dell\documents\visual studio 2015\projects\cppwinform1\cppwinform1\debug\cppwinform1.tlog\metagen.write.1.tlog
c:\users\dell\documents\visual studio 2015\projects\cppwinform1\cppwinform1\debug\cppwinform1.vcxproj.generateresource.cache
c:\users\dell\documents\visual studio 2015\projects\cppwinform1\cppwinform1\debug\cppwinform1.vcxprojresolveassemblyreference.cache
c:\users\dell\documents\visual studio 2015\projects\cppwinform1\cppwinform1\debug\cppwinform1.tlog\cl.command.1.tlog
c:\users\dell\documents\visual studio 2015\projects\cppwinform1\cppwinform1\debug\cppwinform1.tlog\cl.read.1.tlog
c:\users\dell\documents\visual studio 2015\projects\cppwinform1\cppwinform1\debug\cppwinform1.tlog\cl.write.1.tlog
c:\users\dell\documents\visual studio 2015\projects\cppwinform1\cppwinform1\debug\cppwinform1.tlog\cppwinform1.write.1u.tlog
c:\users\dell\documents\visual studio 2015\projects\cppwinform1\cppwinform1\debug\cppwinform1.tlog\link.command.1.tlog
c:\users\dell\documents\visual studio 2015\projects\cppwinform1\cppwinform1\debug\cppwinform1.tlog\link.read.1.tlog
c:\users\dell\documents\visual studio 2015\projects\cppwinform1\cppwinform1\debug\cppwinform1.tlog\link.write.1.tlog
c:\users\dell\documents\visual studio 2015\projects\cppwinform1\cppwinform1\debug\cppwinform1.tlog\metagen.read.1.tlog
c:\users\dell\documents\visual studio 2015\projects\cppwinform1\cppwinform1\debug\cppwinform1.tlog\fastcoloredtextbox.dll.metagen
c:\users\dell\documents\visual studio 2015\projects\cppwinform1\cppwinform1\debug\cppwinform1.tlog\tzres.dll.bi
